  gpio.c
  spi.c
  stm32f1xx_it.c
  stm32f1xx_hal_msp.c
  main.c
  system_stm32f1xx.c
  stm32f1xx_hal.c
  stm32f1xx_hal_rcc.c
  stm32f1xx_hal_rcc_ex.c
  stm32f1xx_hal_cortex.c
  stm32f1xx_hal_tim.c
  stm32f1xx_hal_tim_ex.c
  stm32f1xx_hal_dma.c
  stm32f1xx_hal_pwr.c
  stm32f1xx_hal_spi.c
  stm32f1xx_hal_spi_ex.c
  stm32f1xx_hal_flash.c
  stm32f1xx_hal_flash_ex.c
  stm32f1xx_hal_gpio.c
  startup_stm32f103xb.c
  stm32f1xx_hal_gpio_ex.c
  Linking ../VisualGDB/Debug/source...
  ------------------- Memory utilization report -------------------
  Used FLASH: 5248 bytes out of 64KB (8%)
  Used RAM: 124 bytes out of 20KB (0%)
