c:\rimvydodalykai\git\repos\sh-f103-network-bootloader\source\visualgdb\debug\gpio.o
c:\rimvydodalykai\git\repos\sh-f103-network-bootloader\source\visualgdb\debug\main.o
c:\rimvydodalykai\git\repos\sh-f103-network-bootloader\source\visualgdb\debug\spi.o
c:\rimvydodalykai\git\repos\sh-f103-network-bootloader\source\visualgdb\debug\startup_stm32f103xb.o
c:\rimvydodalykai\git\repos\sh-f103-network-bootloader\source\visualgdb\debug\stm32f1xx_hal.o
c:\rimvydodalykai\git\repos\sh-f103-network-bootloader\source\visualgdb\debug\stm32f1xx_hal_cortex.o
c:\rimvydodalykai\git\repos\sh-f103-network-bootloader\source\visualgdb\debug\stm32f1xx_hal_dma.o
c:\rimvydodalykai\git\repos\sh-f103-network-bootloader\source\visualgdb\debug\stm32f1xx_hal_flash.o
c:\rimvydodalykai\git\repos\sh-f103-network-bootloader\source\visualgdb\debug\stm32f1xx_hal_flash_ex.o
c:\rimvydodalykai\git\repos\sh-f103-network-bootloader\source\visualgdb\debug\stm32f1xx_hal_gpio.o
c:\rimvydodalykai\git\repos\sh-f103-network-bootloader\source\visualgdb\debug\stm32f1xx_hal_gpio_ex.o
c:\rimvydodalykai\git\repos\sh-f103-network-bootloader\source\visualgdb\debug\stm32f1xx_hal_msp.o
c:\rimvydodalykai\git\repos\sh-f103-network-bootloader\source\visualgdb\debug\stm32f1xx_hal_pwr.o
c:\rimvydodalykai\git\repos\sh-f103-network-bootloader\source\visualgdb\debug\stm32f1xx_hal_rcc.o
c:\rimvydodalykai\git\repos\sh-f103-network-bootloader\source\visualgdb\debug\stm32f1xx_hal_rcc_ex.o
c:\rimvydodalykai\git\repos\sh-f103-network-bootloader\source\visualgdb\debug\stm32f1xx_hal_spi.o
c:\rimvydodalykai\git\repos\sh-f103-network-bootloader\source\visualgdb\debug\stm32f1xx_hal_spi_ex.o
c:\rimvydodalykai\git\repos\sh-f103-network-bootloader\source\visualgdb\debug\stm32f1xx_hal_tim.o
c:\rimvydodalykai\git\repos\sh-f103-network-bootloader\source\visualgdb\debug\stm32f1xx_hal_tim_ex.o
c:\rimvydodalykai\git\repos\sh-f103-network-bootloader\source\visualgdb\debug\stm32f1xx_it.o
c:\rimvydodalykai\git\repos\sh-f103-network-bootloader\source\visualgdb\debug\system_stm32f1xx.o
c:\rimvydodalykai\git\repos\sh-f103-network-bootloader\source\visualgdb\debug\gpio.dep
c:\rimvydodalykai\git\repos\sh-f103-network-bootloader\source\visualgdb\debug\main.dep
c:\rimvydodalykai\git\repos\sh-f103-network-bootloader\source\visualgdb\debug\spi.dep
c:\rimvydodalykai\git\repos\sh-f103-network-bootloader\source\visualgdb\debug\startup_stm32f103xb.dep
c:\rimvydodalykai\git\repos\sh-f103-network-bootloader\source\visualgdb\debug\stm32f1xx_hal.dep
c:\rimvydodalykai\git\repos\sh-f103-network-bootloader\source\visualgdb\debug\stm32f1xx_hal_cortex.dep
c:\rimvydodalykai\git\repos\sh-f103-network-bootloader\source\visualgdb\debug\stm32f1xx_hal_dma.dep
c:\rimvydodalykai\git\repos\sh-f103-network-bootloader\source\visualgdb\debug\stm32f1xx_hal_flash.dep
c:\rimvydodalykai\git\repos\sh-f103-network-bootloader\source\visualgdb\debug\stm32f1xx_hal_flash_ex.dep
c:\rimvydodalykai\git\repos\sh-f103-network-bootloader\source\visualgdb\debug\stm32f1xx_hal_gpio.dep
c:\rimvydodalykai\git\repos\sh-f103-network-bootloader\source\visualgdb\debug\stm32f1xx_hal_gpio_ex.dep
c:\rimvydodalykai\git\repos\sh-f103-network-bootloader\source\visualgdb\debug\stm32f1xx_hal_msp.dep
c:\rimvydodalykai\git\repos\sh-f103-network-bootloader\source\visualgdb\debug\stm32f1xx_hal_pwr.dep
c:\rimvydodalykai\git\repos\sh-f103-network-bootloader\source\visualgdb\debug\stm32f1xx_hal_rcc.dep
c:\rimvydodalykai\git\repos\sh-f103-network-bootloader\source\visualgdb\debug\stm32f1xx_hal_rcc_ex.dep
c:\rimvydodalykai\git\repos\sh-f103-network-bootloader\source\visualgdb\debug\stm32f1xx_hal_spi.dep
c:\rimvydodalykai\git\repos\sh-f103-network-bootloader\source\visualgdb\debug\stm32f1xx_hal_spi_ex.dep
c:\rimvydodalykai\git\repos\sh-f103-network-bootloader\source\visualgdb\debug\stm32f1xx_hal_tim.dep
c:\rimvydodalykai\git\repos\sh-f103-network-bootloader\source\visualgdb\debug\stm32f1xx_hal_tim_ex.dep
c:\rimvydodalykai\git\repos\sh-f103-network-bootloader\source\visualgdb\debug\stm32f1xx_it.dep
c:\rimvydodalykai\git\repos\sh-f103-network-bootloader\source\visualgdb\debug\system_stm32f1xx.dep
c:\rimvydodalykai\git\repos\sh-f103-network-bootloader\source\visualgdb\debug\gpio.gcc.rsp
c:\rimvydodalykai\git\repos\sh-f103-network-bootloader\source\visualgdb\debug\main.gcc.rsp
c:\rimvydodalykai\git\repos\sh-f103-network-bootloader\source\visualgdb\debug\spi.gcc.rsp
c:\rimvydodalykai\git\repos\sh-f103-network-bootloader\source\visualgdb\debug\startup_stm32f103xb.gcc.rsp
c:\rimvydodalykai\git\repos\sh-f103-network-bootloader\source\visualgdb\debug\stm32f1xx_hal.gcc.rsp
c:\rimvydodalykai\git\repos\sh-f103-network-bootloader\source\visualgdb\debug\stm32f1xx_hal_cortex.gcc.rsp
c:\rimvydodalykai\git\repos\sh-f103-network-bootloader\source\visualgdb\debug\stm32f1xx_hal_dma.gcc.rsp
c:\rimvydodalykai\git\repos\sh-f103-network-bootloader\source\visualgdb\debug\stm32f1xx_hal_flash.gcc.rsp
c:\rimvydodalykai\git\repos\sh-f103-network-bootloader\source\visualgdb\debug\stm32f1xx_hal_flash_ex.gcc.rsp
c:\rimvydodalykai\git\repos\sh-f103-network-bootloader\source\visualgdb\debug\stm32f1xx_hal_gpio.gcc.rsp
c:\rimvydodalykai\git\repos\sh-f103-network-bootloader\source\visualgdb\debug\stm32f1xx_hal_gpio_ex.gcc.rsp
c:\rimvydodalykai\git\repos\sh-f103-network-bootloader\source\visualgdb\debug\stm32f1xx_hal_msp.gcc.rsp
c:\rimvydodalykai\git\repos\sh-f103-network-bootloader\source\visualgdb\debug\stm32f1xx_hal_pwr.gcc.rsp
c:\rimvydodalykai\git\repos\sh-f103-network-bootloader\source\visualgdb\debug\stm32f1xx_hal_rcc.gcc.rsp
c:\rimvydodalykai\git\repos\sh-f103-network-bootloader\source\visualgdb\debug\stm32f1xx_hal_rcc_ex.gcc.rsp
c:\rimvydodalykai\git\repos\sh-f103-network-bootloader\source\visualgdb\debug\stm32f1xx_hal_spi.gcc.rsp
c:\rimvydodalykai\git\repos\sh-f103-network-bootloader\source\visualgdb\debug\stm32f1xx_hal_spi_ex.gcc.rsp
c:\rimvydodalykai\git\repos\sh-f103-network-bootloader\source\visualgdb\debug\stm32f1xx_hal_tim.gcc.rsp
c:\rimvydodalykai\git\repos\sh-f103-network-bootloader\source\visualgdb\debug\stm32f1xx_hal_tim_ex.gcc.rsp
c:\rimvydodalykai\git\repos\sh-f103-network-bootloader\source\visualgdb\debug\stm32f1xx_it.gcc.rsp
c:\rimvydodalykai\git\repos\sh-f103-network-bootloader\source\visualgdb\debug\system_stm32f1xx.gcc.rsp
c:\rimvydodalykai\git\repos\sh-f103-network-bootloader\source\visualgdb\debug\source.alldeps
